<?xml version="1.0" encoding="UTF-8"?>
<!-- Generated by org.testng.reporters.JUnitReportReporter -->
<testsuite hostname="Jana-PC" name="test.Test1" tests="1" failures="0" timestamp="1 Apr 2019 10:23:06 GMT" time="0.008" errors="0">
  <testcase name="run" time="0.008" classname="test.Test1"/>
</testsuite> <!-- test.Test1 -->
