<?xml version="1.0" encoding="UTF-8"?>
<!-- Generated by org.testng.reporters.JUnitReportReporter -->
<testsuite skipped="0" hostname="Jana-PC" name="test.Test1" tests="1" failures="0" timestamp="27 Mar 2019 05:00:31 GMT" time="0.017" errors="0">
  <testcase name="run" time="0.017" classname="test.Test1"/>
</testsuite> <!-- test.Test1 -->
